Сборка начата 05.11.2015 2:42:02.
     1>Проект "C:\Users\amk07\documents\visual studio 2013\Projects\Snake\Snake\Snake.vcxproj" в узле 2 (целевые объекты Build).
     1>ClCompile:
         D:\Microsoft Visual Studio 12.0\VC\bin\CL.exe /c /I"D:\SFML-2.3.2\include" /ZI /nologo /W3 /WX- /Od /Oy- /D SFML_DYNAMIC /D WIN32 /D _DEBUG /D _CONSOLE /D _LIB /D _UNICODE /D UNICODE /Gm /EHsc /RTC1 /MDd /GS /fp:precise /Zc:wchar_t /Zc:forScope /Fo"Debug\\" /Fd"Debug\vc120.pdb" /Gd /TP /analyze- /errorReport:prompt main.cpp
         main.cpp
     1>c:\users\amk07\documents\visual studio 2013\projects\snake\snake\view.h(19): warning C4244: аргумент: преобразование "double" в "float", возможна потеря данных
     1>c:\users\amk07\documents\visual studio 2013\projects\snake\snake\view.h(21): warning C4244: аргумент: преобразование "double" в "float", возможна потеря данных
     1>c:\users\amk07\documents\visual studio 2013\projects\snake\snake\view.h(23): warning C4244: аргумент: преобразование "double" в "float", возможна потеря данных
     1>c:\users\amk07\documents\visual studio 2013\projects\snake\snake\view.h(25): warning C4244: аргумент: преобразование "double" в "float", возможна потеря данных
     1>c:\users\amk07\documents\visual studio 2013\projects\snake\snake\main.cpp(24): warning C4244: =: преобразование "int" в "float", возможна потеря данных
     1>c:\users\amk07\documents\visual studio 2013\projects\snake\snake\main.cpp(25): warning C4244: =: преобразование "int" в "float", возможна потеря данных
     1>c:\users\amk07\documents\visual studio 2013\projects\snake\snake\main.cpp(26): warning C4244: аргумент: преобразование "float" в "int", возможна потеря данных
     1>c:\users\amk07\documents\visual studio 2013\projects\snake\snake\main.cpp(72): warning C4244: инициализация: преобразование "sf::Int64" в "float", возможна потеря данных
     1>c:\users\amk07\documents\visual studio 2013\projects\snake\snake\main.cpp(85): warning C4305: =: усечение из "double" к "float"
     1>c:\users\amk07\documents\visual studio 2013\projects\snake\snake\main.cpp(86): warning C4244: +=: преобразование "double" в "float", возможна потеря данных
     1>c:\users\amk07\documents\visual studio 2013\projects\snake\snake\main.cpp(95): warning C4305: =: усечение из "double" к "float"
     1>c:\users\amk07\documents\visual studio 2013\projects\snake\snake\main.cpp(96): warning C4244: +=: преобразование "double" в "float", возможна потеря данных
     1>c:\users\amk07\documents\visual studio 2013\projects\snake\snake\main.cpp(105): warning C4305: =: усечение из "double" к "float"
     1>c:\users\amk07\documents\visual studio 2013\projects\snake\snake\main.cpp(106): warning C4244: +=: преобразование "double" в "float", возможна потеря данных
     1>c:\users\amk07\documents\visual studio 2013\projects\snake\snake\main.cpp(115): warning C4305: =: усечение из "double" к "float"
     1>c:\users\amk07\documents\visual studio 2013\projects\snake\snake\main.cpp(116): warning C4244: +=: преобразование "double" в "float", возможна потеря данных
     1>c:\users\amk07\documents\visual studio 2013\projects\snake\snake\main.cpp(139): warning C4244: аргумент: преобразование "int" в "float", возможна потеря данных
       Link:
         D:\Microsoft Visual Studio 12.0\VC\bin\link.exe /ERRORREPORT:PROMPT /OUT:"C:\Users\amk07\documents\visual studio 2013\Projects\Snake\Debug\Snake.exe" /INCREMENTAL /NOLOGO /LIBPATH:"D:\SFML-2.3.2\lib" "sfml-graphics-d.lib" "sfml-window-d.lib" "sfml-system-d.lib" "sfml-audio-d.lib" kernel32.lib user32.lib gdi32.lib winspool.lib comdlg32.lib advapi32.lib shell32.lib ole32.lib oleaut32.lib uuid.lib odbc32.lib odbccp32.lib /MANIFEST /MANIFESTUAC:"level='asInvoker' uiAccess='false'" /manifest:embed /DEBUG /PDB:"C:\Users\amk07\documents\visual studio 2013\Projects\Snake\Debug\Snake.pdb" /SUBSYSTEM:CONSOLE /TLBID:1 /DYNAMICBASE /NXCOMPAT /IMPLIB:"C:\Users\amk07\documents\visual studio 2013\Projects\Snake\Debug\Snake.lib" /MACHINE:X86 Debug\main.obj
         Snake.vcxproj -> C:\Users\amk07\documents\visual studio 2013\Projects\Snake\Debug\Snake.exe
     1>Сборка проекта "C:\Users\amk07\documents\visual studio 2013\Projects\Snake\Snake\Snake.vcxproj" завершена (целевые объекты Build).

Сборка успешно завершена.

Затраченное время: 00:00:01.03
